app/build/outputs/logs/manifest-merger-debug-report.txt
-- Merging decision tree log ---
manifest
ADDED from src/main/AndroidManifest.xml:2:1-35:12
	package
		ADDED from src/main/AndroidManifest.xml:3:5-28
		INJECTED from src/main/AndroidManifest.xml
		INJECTED from src/main/AndroidManifest.xml
	android:versionName
		ADDED from src/main/AndroidManifest.xml:5:5-30
		INJECTED from src/main/AndroidManifest.xml
		INJECTED from src/main/AndroidManifest.xml
	android:versionCode
		ADDED from src/main/AndroidManifest.xml:4:5-28
		INJECTED from src/main/AndroidManifest.xml
		INJECTED from src/main/AndroidManifest.xml
	xmlns:android
		ADDED from src/main/AndroidManifest.xml:2:11-69
uses-sdk
ADDED from src/main/AndroidManifest.xml:7:5-9:41
	android:targetSdkVersion
		ADDED from src/main/AndroidManifest.xml:9:9-38
		INJECTED from src/main/AndroidManifest.xml
		INJECTED from src/main/AndroidManifest.xml
	android:minSdkVersion
		ADDED from src/main/AndroidManifest.xml:8:9-35
		INJECTED from src/main/AndroidManifest.xml
		INJECTED from src/main/AndroidManifest.xml
uses-permission#android.permission.INTERNET
ADDED from src/main/AndroidManifest.xml:11:5-67
	android:name
		ADDED from src/main/AndroidManifest.xml:11:22-64
application
ADDED from src/main/AndroidManifest.xml:13:5-33:19
	android:label
		ADDED from src/main/AndroidManifest.xml:17:9-41
	android:allowBackup
		ADDED from src/main/AndroidManifest.xml:15:9-35
	android:icon
		ADDED from src/main/AndroidManifest.xml:16:9-45
	android:theme
		ADDED from src/main/AndroidManifest.xml:18:9-40
	android:name
		ADDED from src/main/AndroidManifest.xml:14:9-55
activity#br.ufms.facom.MainActivity
ADDED from src/main/AndroidManifest.xml:19:9-27:20
	android:label
		ADDED from src/main/AndroidManifest.xml:21:13-45
	android:name
		ADDED from src/main/AndroidManifest.xml:20:13-54
intent-filter#android.intent.action.MAIN+android.intent.category.LAUNCHER
ADDED from src/main/AndroidManifest.xml:22:13-26:29
action#android.intent.action.MAIN
ADDED from src/main/AndroidManifest.xml:23:17-69
	android:name
		ADDED from src/main/AndroidManifest.xml:23:25-66
category#android.intent.category.LAUNCHER
ADDED from src/main/AndroidManifest.xml:25:17-77
	android:name
		ADDED from src/main/AndroidManifest.xml:25:27-74
activity#br.ufms.facom.CourseDetailActivity
ADDED from src/main/AndroidManifest.xml:28:9-32:24
	android:label
		ADDED from src/main/AndroidManifest.xml:30:13-45
	android:name
		ADDED from src/main/AndroidManifest.xml:29:13-62